*** Using Compiler 'V5.06 update 6 (build 750)', folder: 'D:\keil\ARM\ARMCC\Bin'
Rebuild target 'canopen-slave'
assembling startup_stm32f10x_md.s...
compiling core_cm3.c...
compiling system_stm32f10x.c...
compiling stm32f10x_exti.c...
compiling stm32f10x_dbgmcu.c...
compiling misc.c...
compiling stm32f10x_dac.c...
compiling stm32f10x_dma.c...
compiling stm32f10x_crc.c...
compiling stm32f10x_adc.c...
compiling stm32f10x_bkp.c...
compiling stm32f10x_can.c...
compiling stm32f10x_cec.c...
compiling stm32f10x_fsmc.c...
compiling stm32f10x_flash.c...
compiling stm32f10x_gpio.c...
compiling stm32f10x_iwdg.c...
compiling stm32f10x_i2c.c...
compiling emcy.c...
compiling lifegrd.c...
compiling dcf.c...
..\canopen\src\dcf.c(106): warning:  #177-D: variable "node"  was declared but never referenced
      UNS8 buf[4], match = 0, node;
..\canopen\src\dcf.c: 1 warning, 0 errors
compiling stm32f10x_spi.c...
compiling stm32f10x_rtc.c...
compiling stm32f10x_wwdg.c...
compiling nmtMaster.c...
compiling lss.c...
compiling stm32f10x_pwr.c...
compiling stm32f10x_usart.c...
compiling bsp_led.c...
compiling nmtSlave.c...
compiling bsp_key.c...
compiling stm32f10x_rcc.c...
compiling stm32f10x_sdio.c...
compiling bsp_timer.c...
compiling bsp_can.c...
compiling stm32f10x_tim.c...
compiling objacces.c...
compiling pdo.c...
compiling states.c...
compiling sync.c...
compiling timer.c...
compiling sdo.c...
..\canopen\src\sdo.c(2033): warning:  #550-D: variable "i"  was set but never used
  	UNS8 i;
..\canopen\src\sdo.c(2195): warning:  #550-D: variable "i"  was set but never used
  	UNS8 i;
..\canopen\src\sdo.c: 2 warnings, 0 errors
compiling stm32f10x_it.c...
compiling delay.c...
compiling g4_motor.c...
compiling usart.c...
..\user\usart.c(18): warning:  #167-D: argument of type "u8 *" is incompatible with parameter of type "const char *restrict"
  		strncpy(buf, USART_RX_BUF, size);
..\user\usart.c(12): warning:  #177-D: variable "old_index"  was declared but never referenced
      static uint16_t old_index = 0;
..\user\usart.c(6): warning:  #177-D: variable "rx_buf"  was declared but never referenced
  static char rx_buf[USART_RX_BUF_SIZE];
..\user\usart.c(7): warning:  #177-D: variable "rx_index"  was declared but never referenced
  static uint16_t rx_index = 0;
..\user\usart.c: 4 warnings, 0 errors
compiling sys.c...
compiling main.c...
compiling can_app.c...
compiling TestSlave.c...
compiling generator.c...
linking...
Program Size: Code=29944 RO-data=812 RW-data=3128 ZI-data=2376  
".\Objects\led.axf" - 0 Error(s), 7 Warning(s).
Build Time Elapsed:  00:00:04
